Log file open, 12/06/18 13:43:50
LogWindows: Failed to load 'aqProf.dll' (GetLastError=126)
LogWindows: File 'aqProf.dll' does not exist
LogWindows: Failed to load 'VtuneApi.dll' (GetLastError=126)
LogWindows: File 'VtuneApi.dll' does not exist
LogWindows: Failed to load 'VtuneApi32e.dll' (GetLastError=126)
LogWindows: File 'VtuneApi32e.dll' does not exist
LogConsoleResponse: Display: Failed to find resolution value strings in scalability ini. Falling back to default.
LogInit: Display: Running engine for game: FPSProject
LogPakFile: Registered encryption key '00000000000000000000000000000000': 0 pak files mounted, 0 remain pending
LogPlatformFile: Not using cached read wrapper
LogTaskGraph: Started task graph with 5 named threads and 23 total threads with 3 sets of task threads.
LogStats: Stats thread started at 0.349210
LogD3D11RHI: Loaded GFSDK_Aftermath_Lib.x64.dll
LogICUInternationalization: ICU TimeZone Detection - Raw Offset: +0:00, Platform Override: ''
LogPluginManager: Mounting plugin Paper2D
LogPluginManager: Mounting plugin AISupport
LogPluginManager: Mounting plugin LightPropagationVolume
LogPluginManager: Mounting plugin ActorLayerUtilities
LogPluginManager: Mounting plugin CLionSourceCodeAccess
LogPluginManager: Mounting plugin CodeLiteSourceCodeAccess
LogPluginManager: Mounting plugin GitSourceControl
LogPluginManager: Mounting plugin KDevelopSourceCodeAccess
LogPluginManager: Mounting plugin NullSourceCodeAccess
LogPluginManager: Mounting plugin PerforceSourceControl
LogPluginManager: Mounting plugin SubversionSourceControl
LogPluginManager: Mounting plugin UObjectPlugin
LogPluginManager: Mounting plugin VisualStudioCodeSourceCodeAccess
LogPluginManager: Mounting plugin VisualStudioSourceCodeAccess
LogPluginManager: Mounting plugin XCodeSourceCodeAccess
LogPluginManager: Mounting plugin AssetManagerEditor
LogPluginManager: Mounting plugin CryptoKeys
LogPluginManager: Mounting plugin DataValidation
LogPluginManager: Mounting plugin FacialAnimation
LogPluginManager: Mounting plugin GameplayTagsEditor
LogPluginManager: Mounting plugin MacGraphicsSwitching
LogPluginManager: Mounting plugin MeshEditor
LogPluginManager: Mounting plugin MobileLauncherProfileWizard
LogPluginManager: Mounting plugin PluginBrowser
LogPluginManager: Mounting plugin SpeedTreeImporter
LogPluginManager: Mounting plugin DatasmithContent
LogPluginManager: Mounting plugin VariantManagerContent
LogPluginManager: Mounting plugin AlembicImporter
LogPluginManager: Mounting plugin AppleImageUtils
LogPluginManager: Mounting plugin AppleVision
LogPluginManager: Mounting plugin BackChannel
LogPluginManager: Mounting plugin CharacterAI
LogPluginManager: Mounting plugin GeometryCache
LogPluginManager: Mounting plugin HTML5Networking
LogPluginManager: Mounting plugin ProxyLODPlugin
LogPluginManager: Mounting plugin MagicLeap
LogPluginManager: Mounting plugin MagicLeapMedia
LogPluginManager: Mounting plugin AndroidMedia
LogPluginManager: Mounting plugin AvfMedia
LogPluginManager: Mounting plugin ImgMedia
LogPluginManager: Mounting plugin LinearTimecode
LogPluginManager: Mounting plugin MediaCompositing
LogPluginManager: Mounting plugin MediaPlayerEditor
LogPluginManager: Mounting plugin WebMMedia
LogPluginManager: Mounting plugin WmfMedia
LogPluginManager: Mounting plugin TcpMessaging
LogPluginManager: Mounting plugin UdpMessaging
LogPluginManager: Mounting plugin ActorSequence
LogPluginManager: Mounting plugin LevelSequenceEditor
LogPluginManager: Mounting plugin MatineeToLevelSequence
LogPluginManager: Mounting plugin NetcodeUnitTest
LogPluginManager: Mounting plugin NUTUnrealEngine4
LogPluginManager: Mounting plugin OnlineSubsystemGooglePlay
LogPluginManager: Mounting plugin OnlineSubsystemIOS
LogPluginManager: Mounting plugin OnlineSubsystem
LogPluginManager: Mounting plugin OnlineSubsystemNull
LogPluginManager: Mounting plugin OnlineSubsystemUtils
LogPluginManager: Mounting plugin LauncherChunkInstaller
LogPluginManager: Mounting plugin AndroidDeviceProfileSelector
LogPluginManager: Mounting plugin AndroidMoviePlayer
LogPluginManager: Mounting plugin AndroidPermission
LogPluginManager: Mounting plugin AppleMoviePlayer
LogPluginManager: Mounting plugin ArchVisCharacter
LogPluginManager: Mounting plugin AudioCapture
LogPluginManager: Mounting plugin CableComponent
LogPluginManager: Mounting plugin CustomMeshComponent
LogPluginManager: Mounting plugin EditableMesh
LogPluginManager: Mounting plugin ExampleDeviceProfileSelector
LogPluginManager: Mounting plugin Firebase
LogPluginManager: Mounting plugin GoogleCloudMessaging
LogPluginManager: Mounting plugin IOSDeviceProfileSelector
LogPluginManager: Mounting plugin LinuxDeviceProfileSelector
LogPluginManager: Mounting plugin LocationServicesBPLibrary
LogPluginManager: Mounting plugin MobilePatchingUtils
LogPluginManager: Mounting plugin OculusVR
LogPluginManager: Mounting plugin PhysXVehicles
LogPluginManager: Mounting plugin ProceduralMeshComponent
LogPluginManager: Mounting plugin RuntimePhysXCooking
LogPluginManager: Mounting plugin SteamVR
LogPluginManager: Mounting plugin WebMMoviePlayer
LogPluginManager: Mounting plugin WindowsMoviePlayer
LogStreaming: Display: Took  0.159s to configure plugins.
LogInit: Using libcurl 7.55.1-DEV
LogInit:  - built for x86_64-pc-win32
LogInit:  - supports SSL with OpenSSL/1.0.2h
LogInit:  - supports HTTP deflate (compression) using libz 1.2.8
LogInit:  - other features:
LogInit:      CURL_VERSION_SSL
LogInit:      CURL_VERSION_LIBZ
LogInit:      CURL_VERSION_IPV6
LogInit:      CURL_VERSION_ASYNCHDNS
LogInit:      CURL_VERSION_LARGEFILE
LogInit:      CURL_VERSION_IDN
LogInit:  CurlRequestOptions (configurable via config and command line):
LogInit:  - bVerifyPeer = true  - Libcurl will verify peer certificate
LogInit:  - bUseHttpProxy = false  - Libcurl will NOT use HTTP proxy
LogInit:  - bDontReuseConnections = false  - Libcurl will reuse connections
LogInit:  - MaxHostConnections = 16  - Libcurl will limit the number of connections to a host
LogInit:  - LocalHostAddr = Default
LogInit:  - BufferSize = 65536
LogInit: WinSock: version 1.1 (2.2), MaxSocks=32767, MaxUdp=65467
LogInit: Build: ++UE4+Release-4.21-CL-4541578
LogInit: Engine Version: 4.21.0-4541578+++UE4+Release-4.21
LogInit: Compatible Engine Version: 4.21.0-4541578+++UE4+Release-4.21
LogInit: Net CL: 4541578
LogInit: OS: Windows 10 (), CPU: Intel(R) Core(TM) i5-8250U CPU @ 1.60GHz, GPU: Intel(R) UHD Graphics 620
LogInit: Compiled (64-bit): Nov  6 2018 02:04:24
LogInit: Compiled with Visual C++: 19.13.26129.00
LogInit: Build Configuration: Development
LogInit: Branch Name: ++UE4+Release-4.21
LogInit: Command Line: 
LogInit: Base Directory: C:/Program Files/Epic Games/UE_4.21/Engine/Binaries/Win64/
LogInit: Installed Engine Build: 1
LogDevObjectVersion: Number of dev versions registered: 22
LogDevObjectVersion:   Dev-Blueprints (B0D832E4-1F89-4F0D-ACCF-7EB736FD4AA2): 10
LogDevObjectVersion:   Dev-Build (E1C64328-A22C-4D53-A36C-8E866417BD8C): 0
LogDevObjectVersion:   Dev-Core (375EC13C-06E4-48FB-B500-84F0262A717E): 2
LogDevObjectVersion:   Dev-Editor (E4B068ED-F494-42E9-A231-DA0B2E46BB41): 26
LogDevObjectVersion:   Dev-Framework (CFFC743F-43B0-4480-9391-14DF171D2073): 34
LogDevObjectVersion:   Dev-Mobile (B02B49B5-BB20-44E9-A304-32B752E40360): 2
LogDevObjectVersion:   Dev-Networking (A4E4105C-59A1-49B5-A7C5-40C4547EDFEE): 0
LogDevObjectVersion:   Dev-Online (39C831C9-5AE6-47DC-9A44-9C173E1C8E7C): 0
LogDevObjectVersion:   Dev-Physics (78F01B33-EBEA-4F98-B9B4-84EACCB95AA2): 0
LogDevObjectVersion:   Dev-Platform (6631380F-2D4D-43E0-8009-CF276956A95A): 0
LogDevObjectVersion:   Dev-Rendering (12F88B9F-8875-4AFC-A67C-D90C383ABD29): 27
LogDevObjectVersion:   Dev-Sequencer (7B5AE74C-D270-4C10-A958-57980B212A5A): 9
LogDevObjectVersion:   Dev-VR (D7296918-1DD6-4BDD-9DE2-64A83CC13884): 2
LogDevObjectVersion:   Dev-LoadTimes (C2A15278-BFE7-4AFE-6C17-90FF531DF755): 1
LogDevObjectVersion:   Private-Geometry (6EACA3D4-40EC-4CC1-B786-8BED09428FC5): 3
LogDevObjectVersion:   Dev-AnimPhys (29E575DD-E0A3-4627-9D10-D276232CDCEA): 17
LogDevObjectVersion:   Dev-Anim (AF43A65D-7FD3-4947-9873-3E8ED9C1BB05): 2
LogDevObjectVersion:   Dev-ReflectionCapture (6B266CEC-1EC7-4B8F-A30B-E4D90942FC07): 1
LogDevObjectVersion:   Dev-Automation (0DF73D61-A23F-47EA-B727-89E90C41499A): 1
LogDevObjectVersion:   FortniteMain (601D1886-AC64-4F84-AA16-D3DE0DEAC7D6): 17
LogDevObjectVersion:   Dev-Enterprise (9DFFBCD6-494F-0158-E221-12823C92A888): 4
LogDevObjectVersion:   Dev-Niagara (F2AED0AC-9AFE-416F-8664-AA7FFA26D6FC): 1
LogStreaming: Display: Took  0.005s to delete old logs.
LogInit: Presizing for max 8388607 objects, including 0 objects not considered by GC, pre-allocating 0 bytes for permanent pool.
LogInit: Object subsystem initialized
LogConfig: Setting CVar [[con.DebugEarlyDefault:1]]
LogConfig: Setting CVar [[r.setres:1280x720]]
[2018.12.06-13.43.51:074][  0]LogConfig: Setting CVar [[r.VSync:0]]
[2018.12.06-13.43.51:074][  0]LogConfig: Setting CVar [[r.RHICmdBypass:0]]
[2018.12.06-13.43.51:074][  0]LogConfig: Applying CVar settings from Section [/Script/Engine.RendererSettings] File [C:/Users/Rosa Lopes/Desktop/Rodrigo/GameDev/FPSProject/FPSProject/Saved/Config/Windows/Engine.ini]
[2018.12.06-13.43.51:074][  0]LogConfig: Setting CVar [[r.GPUCrashDebugging:0]]
[2018.12.06-13.43.51:074][  0]LogConfig: Applying CVar settings from Section [/Script/Engine.RendererOverrideSettings] File [C:/Users/Rosa Lopes/Desktop/Rodrigo/GameDev/FPSProject/FPSProject/Saved/Config/Windows/Engine.ini]
[2018.12.06-13.43.51:074][  0]LogConfig: Applying CVar settings from Section [/Script/Engine.StreamingSettings] File [C:/Users/Rosa Lopes/Desktop/Rodrigo/GameDev/FPSProject/FPSProject/Saved/Config/Windows/Engine.ini]
[2018.12.06-13.43.51:074][  0]LogConfig: Setting CVar [[s.MinBulkDataSizeForAsyncLoading:131072]]
[2018.12.06-13.43.51:074][  0]LogConfig: Setting CVar [[s.AsyncLoadingThreadEnabled:0]]
[2018.12.06-13.43.51:074][  0]LogConfig: Setting CVar [[s.EventDrivenLoaderEnabled:1]]
[2018.12.06-13.43.51:074][  0]LogConfig: Setting CVar [[s.WarnIfTimeLimitExceeded:0]]
[2018.12.06-13.43.51:074][  0]LogConfig: Setting CVar [[s.TimeLimitExceededMultiplier:1.5]]
[2018.12.06-13.43.51:074][  0]LogConfig: Setting CVar [[s.TimeLimitExceededMinTime:0.005]]
[2018.12.06-13.43.51:074][  0]LogConfig: Setting CVar [[s.UseBackgroundLevelStreaming:1]]
[2018.12.06-13.43.51:074][  0]LogConfig: Setting CVar [[s.PriorityAsyncLoadingExtraTime:15.0]]
[2018.12.06-13.43.51:074][  0]LogConfig: Setting CVar [[s.LevelStreamingActorsUpdateTimeLimit:5.0]]
[2018.12.06-13.43.51:074][  0]LogConfig: Setting CVar [[s.PriorityLevelStreamingActorsUpdateExtraTime:5.0]]
[2018.12.06-13.43.51:074][  0]LogConfig: Setting CVar [[s.LevelStreamingComponentsRegistrationGranularity:10]]
[2018.12.06-13.43.51:074][  0]LogConfig: Setting CVar [[s.UnregisterComponentsTimeLimit:1.0]]
[2018.12.06-13.43.51:074][  0]LogConfig: Setting CVar [[s.LevelStreamingComponentsUnregistrationGranularity:5]]
[2018.12.06-13.43.51:074][  0]LogConfig: Applying CVar settings from Section [/Script/Engine.GarbageCollectionSettings] File [C:/Users/Rosa Lopes/Desktop/Rodrigo/GameDev/FPSProject/FPSProject/Saved/Config/Windows/Engine.ini]
[2018.12.06-13.43.51:074][  0]LogConfig: Setting CVar [[gc.MaxObjectsNotConsideredByGC:1]]
[2018.12.06-13.43.51:074][  0]LogConfig: Setting CVar [[gc.SizeOfPermanentObjectPool:0]]
[2018.12.06-13.43.51:074][  0]LogConfig: Setting CVar [[gc.FlushStreamingOnGC:0]]
[2018.12.06-13.43.51:074][  0]LogConfig: Setting CVar [[gc.NumRetriesBeforeForcingGC:10]]
[2018.12.06-13.43.51:074][  0]LogConfig: Setting CVar [[gc.AllowParallelGC:1]]
[2018.12.06-13.43.51:074][  0]LogConfig: Setting CVar [[gc.TimeBetweenPurgingPendingKillObjects:61.1]]
[2018.12.06-13.43.51:074][  0]LogConfig: Setting CVar [[gc.MaxObjectsInEditor:8388607]]
[2018.12.06-13.43.51:074][  0]LogConfig: Setting CVar [[gc.IncrementalBeginDestroyEnabled:1]]
[2018.12.06-13.43.51:074][  0]LogConfig: Setting CVar [[gc.CreateGCClusters:1]]
[2018.12.06-13.43.51:074][  0]LogConfig: Setting CVar [[gc.MergeGCClusters:0]]
[2018.12.06-13.43.51:074][  0]LogConfig: Setting CVar [[gc.MinGCClusterSize:5]]
[2018.12.06-13.43.51:074][  0]LogConfig: Setting CVar [[gc.ActorClusteringEnabled:0]]
[2018.12.06-13.43.51:074][  0]LogConfig: Setting CVar [[gc.BlueprintClusteringEnabled:0]]
[2018.12.06-13.43.51:074][  0]LogConfig: Setting CVar [[gc.UseDisregardForGCOnDedicatedServers:0]]
[2018.12.06-13.43.51:074][  0]LogConfig: Applying CVar settings from Section [/Script/Engine.NetworkSettings] File [C:/Users/Rosa Lopes/Desktop/Rodrigo/GameDev/FPSProject/FPSProject/Saved/Config/Windows/Engine.ini]
[2018.12.06-13.43.51:074][  0]LogConfig: Applying CVar settings from Section [/Script/UnrealEd.CookerSettings] File [C:/Users/Rosa Lopes/Desktop/Rodrigo/GameDev/FPSProject/FPSProject/Saved/Config/Windows/Engine.ini]
[2018.12.06-13.43.51:086][  0]LogConfig: Applying CVar settings from Section [ViewDistanceQuality@3] File [C:/Users/Rosa Lopes/Desktop/Rodrigo/GameDev/FPSProject/FPSProject/Saved/Config/Windows/Scalability.ini]
[2018.12.06-13.43.51:086][  0]LogConfig: Setting CVar [[r.SkeletalMeshLODBias:0]]
[2018.12.06-13.43.51:086][  0]LogConfig: Setting CVar [[r.ViewDistanceScale:1.0]]
[2018.12.06-13.43.51:086][  0]LogConfig: Applying CVar settings from Section [AntiAliasingQuality@3] File [C:/Users/Rosa Lopes/Desktop/Rodrigo/GameDev/FPSProject/FPSProject/Saved/Config/Windows/Scalability.ini]
[2018.12.06-13.43.51:086][  0]LogConfig: Setting CVar [[r.PostProcessAAQuality:4]]
[2018.12.06-13.43.51:086][  0]LogConfig: Applying CVar settings from Section [ShadowQuality@3] File [C:/Users/Rosa Lopes/Desktop/Rodrigo/GameDev/FPSProject/FPSProject/Saved/Config/Windows/Scalability.ini]
[2018.12.06-13.43.51:086][  0]LogConfig: Setting CVar [[r.LightFunctionQuality:1]]
[2018.12.06-13.43.51:086][  0]LogConfig: Setting CVar [[r.ShadowQuality:5]]
[2018.12.06-13.43.51:086][  0]LogConfig: Setting CVar [[r.Shadow.CSM.MaxCascades:10]]
[2018.12.06-13.43.51:086][  0]LogConfig: Setting CVar [[r.Shadow.MaxResolution:2048]]
[2018.12.06-13.43.51:086][  0]LogConfig: Setting CVar [[r.Shadow.MaxCSMResolution:2048]]
[2018.12.06-13.43.51:086][  0]LogConfig: Setting CVar [[r.Shadow.RadiusThreshold:0.01]]
[2018.12.06-13.43.51:086][  0]LogConfig: Setting CVar [[r.Shadow.DistanceScale:1.0]]
[2018.12.06-13.43.51:086][  0]LogConfig: Setting CVar [[r.Shadow.CSM.TransitionScale:1.0]]
[2018.12.06-13.43.51:086][  0]LogConfig: Setting CVar [[r.Shadow.PreShadowResolutionFactor:1.0]]
[2018.12.06-13.43.51:086][  0]LogConfig: Setting CVar [[r.DistanceFieldShadowing:1]]
[2018.12.06-13.43.51:086][  0]LogConfig: Setting CVar [[r.DistanceFieldAO:1]]
[2018.12.06-13.43.51:086][  0]LogConfig: Setting CVar [[r.AOQuality:2]]
[2018.12.06-13.43.51:086][  0]LogConfig: Setting CVar [[r.VolumetricFog:1]]
[2018.12.06-13.43.51:086][  0]LogConfig: Setting CVar [[r.VolumetricFog.GridPixelSize:8]]
[2018.12.06-13.43.51:086][  0]LogConfig: Setting CVar [[r.VolumetricFog.GridSizeZ:128]]
[2018.12.06-13.43.51:086][  0]LogConfig: Setting CVar [[r.VolumetricFog.HistoryMissSupersampleCount:4]]
[2018.12.06-13.43.51:086][  0]LogConfig: Setting CVar [[r.LightMaxDrawDistanceScale:1]]
[2018.12.06-13.43.51:086][  0]LogConfig: Setting CVar [[r.CapsuleShadows:1]]
[2018.12.06-13.43.51:086][  0]LogConfig: Applying CVar settings from Section [PostProcessQuality@3] File [C:/Users/Rosa Lopes/Desktop/Rodrigo/GameDev/FPSProject/FPSProject/Saved/Config/Windows/Scalability.ini]
[2018.12.06-13.43.51:086][  0]LogConfig: Setting CVar [[r.MotionBlurQuality:4]]
[2018.12.06-13.43.51:086][  0]LogConfig: Setting CVar [[r.AmbientOcclusionMipLevelFactor:0.4]]
[2018.12.06-13.43.51:086][  0]LogConfig: Setting CVar [[r.AmbientOcclusionMaxQuality:100]]
[2018.12.06-13.43.51:086][  0]LogConfig: Setting CVar [[r.AmbientOcclusionLevels:-1]]
[2018.12.06-13.43.51:086][  0]LogConfig: Setting CVar [[r.AmbientOcclusionRadiusScale:1.0]]
[2018.12.06-13.43.51:086][  0]LogConfig: Setting CVar [[r.DepthOfFieldQuality:2]]
[2018.12.06-13.43.51:087][  0]LogConfig: Setting CVar [[r.RenderTargetPoolMin:400]]
[2018.12.06-13.43.51:087][  0]LogConfig: Setting CVar [[r.LensFlareQuality:2]]
[2018.12.06-13.43.51:087][  0]LogConfig: Setting CVar [[r.SceneColorFringeQuality:1]]
[2018.12.06-13.43.51:087][  0]LogConfig: Setting CVar [[r.EyeAdaptationQuality:2]]
[2018.12.06-13.43.51:087][  0]LogConfig: Setting CVar [[r.BloomQuality:5]]
[2018.12.06-13.43.51:087][  0]LogConfig: Setting CVar [[r.FastBlurThreshold:100]]
[2018.12.06-13.43.51:087][  0]LogConfig: Setting CVar [[r.Upscale.Quality:3]]
[2018.12.06-13.43.51:087][  0]LogConfig: Setting CVar [[r.Tonemapper.GrainQuantization:1]]
[2018.12.06-13.43.51:087][  0]LogConfig: Setting CVar [[r.LightShaftQuality:1]]
[2018.12.06-13.43.51:087][  0]LogConfig: Setting CVar [[r.Filter.SizeScale:1]]
[2018.12.06-13.43.51:087][  0]LogConfig: Setting CVar [[r.Tonemapper.Quality:5]]
[2018.12.06-13.43.51:087][  0]LogConfig: Setting CVar [[r.DOF.Gather.AccumulatorQuality:1        ; higher gathering accumulator quality]]
[2018.12.06-13.43.51:087][  0]LogConfig: Setting CVar [[r.DOF.Gather.PostfilterMethod:1          ; Median3x3 postfilering method]]
[2018.12.06-13.43.51:087][  0]LogConfig: Setting CVar [[r.DOF.Gather.EnableBokehSettings:0       ; no bokeh simulation when gathering]]
[2018.12.06-13.43.51:087][  0]LogConfig: Setting CVar [[r.DOF.Gather.RingCount:4                 ; medium number of samples when gathering]]
[2018.12.06-13.43.51:087][  0]LogConfig: Setting CVar [[r.DOF.Scatter.ForegroundCompositing:1    ; additive foreground scattering]]
[2018.12.06-13.43.51:087][  0]LogConfig: Setting CVar [[r.DOF.Scatter.BackgroundCompositing:2    ; additive background scattering]]
[2018.12.06-13.43.51:087][  0]LogConfig: Setting CVar [[r.DOF.Scatter.EnableBokehSettings:1      ; bokeh simulation when scattering]]
[2018.12.06-13.43.51:087][  0]LogConfig: Setting CVar [[r.DOF.Scatter.MaxSpriteRatio:0.1         ; only a maximum of 10% of scattered bokeh]]
[2018.12.06-13.43.51:087][  0]LogConfig: Setting CVar [[r.DOF.Recombine.Quality:1                ; cheap slight out of focus]]
[2018.12.06-13.43.51:087][  0]LogConfig: Setting CVar [[r.DOF.Recombine.EnableBokehSettings:0    ; no bokeh simulation on slight out of focus]]
[2018.12.06-13.43.51:087][  0]LogConfig: Setting CVar [[r.DOF.TemporalAAQuality:1                ; more stable temporal accumulation]]
[2018.12.06-13.43.51:087][  0]LogConfig: Setting CVar [[r.DOF.Kernel.MaxForegroundRadius:0.025]]
[2018.12.06-13.43.51:087][  0]LogConfig: Setting CVar [[r.DOF.Kernel.MaxBackgroundRadius:0.025]]
[2018.12.06-13.43.51:087][  0]LogConfig: Applying CVar settings from Section [TextureQuality@3] File [C:/Users/Rosa Lopes/Desktop/Rodrigo/GameDev/FPSProject/FPSProject/Saved/Config/Windows/Scalability.ini]
[2018.12.06-13.43.51:087][  0]LogConfig: Setting CVar [[r.Streaming.MipBias:0]]
[2018.12.06-13.43.51:087][  0]LogConfig: Setting CVar [[r.Streaming.AmortizeCPUToGPUCopy:0]]
[2018.12.06-13.43.51:087][  0]LogConfig: Setting CVar [[r.Streaming.MaxNumTexturesToStreamPerFrame:0]]
[2018.12.06-13.43.51:087][  0]LogConfig: Setting CVar [[r.Streaming.Boost:1]]
[2018.12.06-13.43.51:087][  0]LogConfig: Setting CVar [[r.MaxAnisotropy:8]]
[2018.12.06-13.43.51:087][  0]LogConfig: Setting CVar [[r.Streaming.LimitPoolSizeToVRAM:0]]
[2018.12.06-13.43.51:087][  0]LogConfig: Setting CVar [[r.Streaming.PoolSize:1000]]
[2018.12.06-13.43.51:087][  0]LogConfig: Setting CVar [[r.Streaming.MaxEffectiveScreenSize:0]]
[2018.12.06-13.43.51:087][  0]LogConfig: Applying CVar settings from Section [EffectsQuality@3] File [C:/Users/Rosa Lopes/Desktop/Rodrigo/GameDev/FPSProject/FPSProject/Saved/Config/Windows/Scalability.ini]
[2018.12.06-13.43.51:087][  0]LogConfig: Setting CVar [[r.TranslucencyLightingVolumeDim:64]]
[2018.12.06-13.43.51:087][  0]LogConfig: Setting CVar [[r.RefractionQuality:2]]
[2018.12.06-13.43.51:087][  0]LogConfig: Setting CVar [[r.SSR.Quality:3]]
[2018.12.06-13.43.51:087][  0]LogConfig: Setting CVar [[r.SceneColorFormat:4]]
[2018.12.06-13.43.51:087][  0]LogConfig: Setting CVar [[r.DetailMode:2]]
[2018.12.06-13.43.51:087][  0]LogConfig: Setting CVar [[r.TranslucencyVolumeBlur:1]]
[2018.12.06-13.43.51:087][  0]LogConfig: Setting CVar [[r.MaterialQualityLevel:1 ; High quality]]
[2018.12.06-13.43.51:087][  0]LogConfig: Setting CVar [[r.SSS.Scale:1]]
[2018.12.06-13.43.51:087][  0]LogConfig: Setting CVar [[r.SSS.SampleSet:2]]
[2018.12.06-13.43.51:087][  0]LogConfig: Setting CVar [[r.SSS.Quality:1]]
[2018.12.06-13.43.51:087][  0]LogConfig: Setting CVar [[r.SSS.HalfRes:1]]
[2018.12.06-13.43.51:087][  0]LogConfig: Setting CVar [[r.EmitterSpawnRateScale:1.0]]
[2018.12.06-13.43.51:088][  0]LogConfig: Setting CVar [[r.ParticleLightQuality:2]]
[2018.12.06-13.43.51:088][  0]LogConfig: Applying CVar settings from Section [FoliageQuality@3] File [C:/Users/Rosa Lopes/Desktop/Rodrigo/GameDev/FPSProject/FPSProject/Saved/Config/Windows/Scalability.ini]
[2018.12.06-13.43.51:088][  0]LogConfig: Setting CVar [[foliage.DensityScale:1.0]]
[2018.12.06-13.43.51:088][  0]LogConfig: Setting CVar [[grass.DensityScale:1.0]]
[2018.12.06-13.43.51:088][  0]LogInit: Selected Device Profile: [Windows]
[2018.12.06-13.43.51:088][  0]LogInit: Applying CVar settings loaded from the selected device profile: [Windows]
[2018.12.06-13.43.51:101][  0]LogHAL: Display: Platform has ~ 8 GB [8502808576 / 8589934592 / 8], which maps to Default [LargestMinGB=32, LargerMinGB=12, DefaultMinGB=8, SmallerMinGB=6, SmallestMinGB=0)
[2018.12.06-13.43.51:101][  0]LogConfig: Setting CVar [[r.Vulkan.UseRealUBs:1]]
[2018.12.06-13.43.51:101][  0]LogInit: Going up to parent DeviceProfile []
[2018.12.06-13.43.51:101][  0]LogConfig: Applying CVar settings from Section [ViewDistanceQuality@3] File [C:/Users/Rosa Lopes/Desktop/Rodrigo/GameDev/FPSProject/FPSProject/Saved/Config/Windows/Scalability.ini]
[2018.12.06-13.43.51:101][  0]LogConfig: Setting CVar [[r.SkeletalMeshLODBias:0]]
[2018.12.06-13.43.51:101][  0]LogConfig: Setting CVar [[r.ViewDistanceScale:1.0]]
[2018.12.06-13.43.51:101][  0]LogConfig: Applying CVar settings from Section [AntiAliasingQuality@3] File [C:/Users/Rosa Lopes/Desktop/Rodrigo/GameDev/FPSProject/FPSProject/Saved/Config/Windows/Scalability.ini]
[2018.12.06-13.43.51:101][  0]LogConfig: Setting CVar [[r.PostProcessAAQuality:4]]
[2018.12.06-13.43.51:101][  0]LogConfig: Applying CVar settings from Section [ShadowQuality@3] File [C:/Users/Rosa Lopes/Desktop/Rodrigo/GameDev/FPSProject/FPSProject/Saved/Config/Windows/Scalability.ini]
[2018.12.06-13.43.51:101][  0]LogConfig: Setting CVar [[r.LightFunctionQuality:1]]
[2018.12.06-13.43.51:101][  0]LogConfig: Setting CVar [[r.ShadowQuality:5]]
[2018.12.06-13.43.51:102][  0]LogConfig: Setting CVar [[r.Shadow.CSM.MaxCascades:10]]
[2018.12.06-13.43.51:102][  0]LogConfig: Setting CVar [[r.Shadow.MaxResolution:2048]]
[2018.12.06-13.43.51:102][  0]LogConfig: Setting CVar [[r.Shadow.MaxCSMResolution:2048]]
[2018.12.06-13.43.51:102][  0]LogConfig: Setting CVar [[r.Shadow.RadiusThreshold:0.01]]
[2018.12.06-13.43.51:102][  0]LogConfig: Setting CVar [[r.Shadow.DistanceScale:1.0]]
[2018.12.06-13.43.51:102][  0]LogConfig: Setting CVar [[r.Shadow.CSM.TransitionScale:1.0]]
[2018.12.06-13.43.51:102][  0]LogConfig: Setting CVar [[r.Shadow.PreShadowResolutionFactor:1.0]]
[2018.12.06-13.43.51:102][  0]LogConfig: Setting CVar [[r.DistanceFieldShadowing:1]]
[2018.12.06-13.43.51:102][  0]LogConfig: Setting CVar [[r.DistanceFieldAO:1]]
[2018.12.06-13.43.51:102][  0]LogConfig: Setting CVar [[r.AOQuality:2]]
[2018.12.06-13.43.51:102][  0]LogConfig: Setting CVar [[r.VolumetricFog:1]]
[2018.12.06-13.43.51:102][  0]LogConfig: Setting CVar [[r.VolumetricFog.GridPixelSize:8]]
[2018.12.06-13.43.51:102][  0]LogConfig: Setting CVar [[r.VolumetricFog.GridSizeZ:128]]
[2018.12.06-13.43.51:102][  0]LogConfig: Setting CVar [[r.VolumetricFog.HistoryMissSupersampleCount:4]]
[2018.12.06-13.43.51:102][  0]LogConfig: Setting CVar [[r.LightMaxDrawDistanceScale:1]]
[2018.12.06-13.43.51:102][  0]LogConfig: Setting CVar [[r.CapsuleShadows:1]]
[2018.12.06-13.43.51:102][  0]LogConfig: Applying CVar settings from Section [PostProcessQuality@3] File [C:/Users/Rosa Lopes/Desktop/Rodrigo/GameDev/FPSProject/FPSProject/Saved/Config/Windows/Scalability.ini]
[2018.12.06-13.43.51:102][  0]LogConfig: Setting CVar [[r.MotionBlurQuality:4]]
[2018.12.06-13.43.51:102][  0]LogConfig: Setting CVar [[r.AmbientOcclusionMipLevelFactor:0.4]]
[2018.12.06-13.43.51:102][  0]LogConfig: Setting CVar [[r.AmbientOcclusionMaxQuality:100]]
[2018.12.06-13.43.51:102][  0]LogConfig: Setting CVar [[r.AmbientOcclusionLevels:-1]]
[2018.12.06-13.43.51:102][  0]LogConfig: Setting CVar [[r.AmbientOcclusionRadiusScale:1.0]]
[2018.12.06-13.43.51:102][  0]LogConfig: Setting CVar [[r.DepthOfFieldQuality:2]]
[2018.12.06-13.43.51:102][  0]LogConfig: Setting CVar [[r.RenderTargetPoolMin:400]]
[2018.12.06-13.43.51:102][  0]LogConfig: Setting CVar [[r.LensFlareQuality:2]]
[2018.12.06-13.43.51:102][  0]LogConfig: Setting CVar [[r.SceneColorFringeQuality:1]]
[2018.12.06-13.43.51:102][  0]LogConfig: Setting CVar [[r.EyeAdaptationQuality:2]]
[2018.12.06-13.43.51:102][  0]LogConfig: Setting CVar [[r.BloomQuality:5]]
[2018.12.06-13.43.51:102][  0]LogConfig: Setting CVar [[r.FastBlurThreshold:100]]
[2018.12.06-13.43.51:102][  0]LogConfig: Setting CVar [[r.Upscale.Quality:3]]
[2018.12.06-13.43.51:102][  0]LogConfig: Setting CVar [[r.Tonemapper.GrainQuantization:1]]
[2018.12.06-13.43.51:102][  0]LogConfig: Setting CVar [[r.LightShaftQuality:1]]
[2018.12.06-13.43.51:102][  0]LogConfig: Setting CVar [[r.Filter.SizeScale:1]]
[2018.12.06-13.43.51:102][  0]LogConfig: Setting CVar [[r.Tonemapper.Quality:5]]
[2018.12.06-13.43.51:102][  0]LogConfig: Setting CVar [[r.DOF.Gather.AccumulatorQuality:1        ; higher gathering accumulator quality]]
[2018.12.06-13.43.51:102][  0]LogConfig: Setting CVar [[r.DOF.Gather.PostfilterMethod:1          ; Median3x3 postfilering method]]
[2018.12.06-13.43.51:102][  0]LogConfig: Setting CVar [[r.DOF.Gather.EnableBokehSettings:0       ; no bokeh simulation when gathering]]
[2018.12.06-13.43.51:102][  0]LogConfig: Setting CVar [[r.DOF.Gather.RingCount:4                 ; medium number of samples when gathering]]
[2018.12.06-13.43.51:102][  0]LogConfig: Setting CVar [[r.DOF.Scatter.ForegroundCompositing:1    ; additive foreground scattering]]
[2018.12.06-13.43.51:102][  0]LogConfig: Setting CVar [[r.DOF.Scatter.BackgroundCompositing:2    ; additive background scattering]]
[2018.12.06-13.43.51:102][  0]LogConfig: Setting CVar [[r.DOF.Scatter.EnableBokehSettings:1      ; bokeh simulation when scattering]]
[2018.12.06-13.43.51:102][  0]LogConfig: Setting CVar [[r.DOF.Scatter.MaxSpriteRatio:0.1         ; only a maximum of 10% of scattered bokeh]]
[2018.12.06-13.43.51:102][  0]LogConfig: Setting CVar [[r.DOF.Recombine.Quality:1                ; cheap slight out of focus]]
[2018.12.06-13.43.51:102][  0]LogConfig: Setting CVar [[r.DOF.Recombine.EnableBokehSettings:0    ; no bokeh simulation on slight out of focus]]
[2018.12.06-13.43.51:102][  0]LogConfig: Setting CVar [[r.DOF.TemporalAAQuality:1                ; more stable temporal accumulation]]
[2018.12.06-13.43.51:102][  0]LogConfig: Setting CVar [[r.DOF.Kernel.MaxForegroundRadius:0.025]]
[2018.12.06-13.43.51:102][  0]LogConfig: Setting CVar [[r.DOF.Kernel.MaxBackgroundRadius:0.025]]
[2018.12.06-13.43.51:102][  0]LogConfig: Applying CVar settings from Section [TextureQuality@3] File [C:/Users/Rosa Lopes/Desktop/Rodrigo/GameDev/FPSProject/FPSProject/Saved/Config/Windows/Scalability.ini]
[2018.12.06-13.43.51:102][  0]LogConfig: Setting CVar [[r.Streaming.MipBias:0]]
[2018.12.06-13.43.51:102][  0]LogConfig: Setting CVar [[r.Streaming.AmortizeCPUToGPUCopy:0]]
[2018.12.06-13.43.51:102][  0]LogConfig: Setting CVar [[r.Streaming.MaxNumTexturesToStreamPerFrame:0]]
[2018.12.06-13.43.51:102][  0]LogConfig: Setting CVar [[r.Streaming.Boost:1]]
[2018.12.06-13.43.51:102][  0]LogConfig: Setting CVar [[r.MaxAnisotropy:8]]
[2018.12.06-13.43.51:102][  0]LogConfig: Setting CVar [[r.Streaming.LimitPoolSizeToVRAM:0]]
[2018.12.06-13.43.51:102][  0]LogConfig: Setting CVar [[r.Streaming.PoolSize:1000]]
[2018.12.06-13.43.51:102][  0]LogConfig: Setting CVar [[r.Streaming.MaxEffectiveScreenSize:0]]
[2018.12.06-13.43.51:102][  0]LogConfig: Applying CVar settings from Section [EffectsQuality@3] File [C:/Users/Rosa Lopes/Desktop/Rodrigo/GameDev/FPSProject/FPSProject/Saved/Config/Windows/Scalability.ini]
[2018.12.06-13.43.51:102][  0]LogConfig: Setting CVar [[r.TranslucencyLightingVolumeDim:64]]
[2018.12.06-13.43.51:102][  0]LogConfig: Setting CVar [[r.RefractionQuality:2]]
[2018.12.06-13.43.51:102][  0]LogConfig: Setting CVar [[r.SSR.Quality:3]]
[2018.12.06-13.43.51:102][  0]LogConfig: Setting CVar [[r.SceneColorFormat:4]]
[2018.12.06-13.43.51:102][  0]LogConfig: Setting CVar [[r.DetailMode:2]]
[2018.12.06-13.43.51:102][  0]LogConfig: Setting CVar [[r.TranslucencyVolumeBlur:1]]
[2018.12.06-13.43.51:102][  0]LogConfig: Setting CVar [[r.MaterialQualityLevel:1 ; High quality]]
[2018.12.06-13.43.51:102][  0]LogConfig: Setting CVar [[r.SSS.Scale:1]]
[2018.12.06-13.43.51:102][  0]LogConfig: Setting CVar [[r.SSS.SampleSet:2]]
[2018.12.06-13.43.51:102][  0]LogConfig: Setting CVar [[r.SSS.Quality:1]]
[2018.12.06-13.43.51:102][  0]LogConfig: Setting CVar [[r.SSS.HalfRes:1]]
[2018.12.06-13.43.51:102][  0]LogConfig: Setting CVar [[r.EmitterSpawnRateScale:1.0]]
[2018.12.06-13.43.51:102][  0]LogConfig: Setting CVar [[r.ParticleLightQuality:2]]
[2018.12.06-13.43.51:102][  0]LogConfig: Applying CVar settings from Section [FoliageQuality@3] File [C:/Users/Rosa Lopes/Desktop/Rodrigo/GameDev/FPSProject/FPSProject/Saved/Config/Windows/Scalability.ini]
[2018.12.06-13.43.51:102][  0]LogConfig: Setting CVar [[foliage.DensityScale:1.0]]
[2018.12.06-13.43.51:102][  0]LogConfig: Setting CVar [[grass.DensityScale:1.0]]
[2018.12.06-13.43.51:102][  0]LogConfig: Applying CVar settings from Section [Startup] File [../../../Engine/Config/ConsoleVariables.ini]
[2018.12.06-13.43.51:103][  0]LogConfig: Setting CVar [[net.UseAdaptiveNetUpdateFrequency:0]]
[2018.12.06-13.43.51:103][  0]LogConfig: Applying CVar settings from Section [ConsoleVariables] File [C:/Users/Rosa Lopes/Desktop/Rodrigo/GameDev/FPSProject/FPSProject/Saved/Config/Windows/Engine.ini]
[2018.12.06-13.43.51:103][  0]LogInit: Computer: LAPTOP-KH6DTING
[2018.12.06-13.43.51:103][  0]LogInit: User: RosaLopes
[2018.12.06-13.43.51:103][  0]LogInit: CPU Page size=4096, Cores=4
[2018.12.06-13.43.51:103][  0]LogInit: High frequency timer resolution =1.757814 MHz
[2018.12.06-13.43.51:103][  0]LogMemory: Memory total: Physical=7.9GB (8GB approx)
[2018.12.06-13.43.51:103][  0]LogMemory: Platform Memory Stats for Windows
[2018.12.06-13.43.51:103][  0]LogMemory: Process Physical Memory: 102.29 MB used, 102.29 MB peak
[2018.12.06-13.43.51:103][  0]LogMemory: Process Virtual Memory: 91.40 MB used, 91.40 MB peak
[2018.12.06-13.43.51:104][  0]LogMemory: Physical Memory: 4763.59 MB used,  3345.32 MB free, 8108.91 MB total
[2018.12.06-13.43.51:104][  0]LogMemory: Virtual Memory: 4638.35 MB used,  134213088.00 MB free, 134217728.00 MB total
[2018.12.06-13.43.51:169][  0]LogInit: Using OS detected language (pt-PT).
[2018.12.06-13.43.51:169][  0]LogInit: Using OS detected locale (pt-PT).
[2018.12.06-13.43.51:171][  0]LogTextLocalizationManager: No localization for 'pt-PT' exists, so 'en' will be used for the language.
[2018.12.06-13.43.51:805][  0]LogStreaming: Display: Took  0.636s to InitEngineTextLocalization.
[2018.12.06-13.43.51:805][  0]LogInit: Setting process to per monitor DPI aware
[2018.12.06-13.43.51:869][  0]LogSlate: New Slate User Created.  User Index 0, Is Virtual User: 0
[2018.12.06-13.43.51:869][  0]LogSlate: Slate User Registered.  User Index 0, Is Virtual User: 0
[2018.12.06-13.43.52:416][  0]LogHMD: Failed to initialize OpenVR with code 110
[2018.12.06-13.43.52:416][  0]LogD3D11RHI: D3D11 adapters:
[2018.12.06-13.43.52:495][  0]LogD3D11RHI:    0. 'NVIDIA GeForce 940MX' (Feature Level 11_0)
[2018.12.06-13.43.52:495][  0]LogD3D11RHI:       4055/0/4054 MB DedicatedVideo/DedicatedSystem/SharedSystem, Outputs:2, VendorId:0x10de
[2018.12.06-13.43.52:510][  0]LogD3D11RHI:    1. 'Intel(R) UHD Graphics 620' (Feature Level 11_0)
[2018.12.06-13.43.52:510][  0]LogD3D11RHI:       128/0/4054 MB DedicatedVideo/DedicatedSystem/SharedSystem, Outputs:0, VendorId:0x8086
[2018.12.06-13.43.52:513][  0]LogD3D11RHI:    2. 'Microsoft Basic Render Driver' (Feature Level 11_0)
[2018.12.06-13.43.52:513][  0]LogD3D11RHI:       0/0/4054 MB DedicatedVideo/DedicatedSystem/SharedSystem, Outputs:0, VendorId:0x1414
[2018.12.06-13.43.52:513][  0]LogD3D11RHI: Chosen D3D11 Adapter: 0
[2018.12.06-13.43.52:543][  0]LogD3D11RHI: Creating new Direct3DDevice
[2018.12.06-13.43.52:543][  0]LogD3D11RHI:     GPU DeviceId: 0x134d (for the marketing name, search the web for "GPU Device Id")
[2018.12.06-13.43.52:543][  0]LogWindows: EnumDisplayDevices:
[2018.12.06-13.43.52:543][  0]LogWindows:    0. 'Intel(R) UHD Graphics 620' (P:1 D:1)
[2018.12.06-13.43.52:543][  0]LogWindows:    1. 'Intel(R) UHD Graphics 620' (P:0 D:1)
[2018.12.06-13.43.52:544][  0]LogWindows:    2. 'Intel(R) UHD Graphics 620' (P:0 D:0)
[2018.12.06-13.43.52:544][  0]LogWindows: DebugString: PrimaryIsNotTheChoosenAdapter PrimaryIsNotTheChoosenAdapter PrimaryIsNotTheChoosenAdapter FoundDriverCount:0 
[2018.12.06-13.43.52:544][  0]LogD3D11RHI:     Adapter Name: NVIDIA GeForce 940MX
[2018.12.06-13.43.52:544][  0]LogD3D11RHI:   Driver Version: Unknown (internal:Unknown, unified:Unknown)
[2018.12.06-13.43.52:544][  0]LogD3D11RHI:      Driver Date: Unknown
[2018.12.06-13.43.52:544][  0]LogRHI: Texture pool is 2839 MB (70% of 4055 MB)
[2018.12.06-13.43.52:581][  0]LogD3D11RHI: Async texture creation enabled
[2018.12.06-13.43.52:598][  0]LogD3D11RHI: GPU Timing Frequency: 1000.000000 (Debug: 2 2)
[2018.12.06-13.43.53:019][  0]LogTemp: Display: Loaded TP AllDesktopTargetPlatform
[2018.12.06-13.43.53:034][  0]LogTemp: Display: Loaded TP MacClientTargetPlatform
[2018.12.06-13.43.53:050][  0]LogTemp: Display: Loaded TP MacNoEditorTargetPlatform
[2018.12.06-13.43.53:066][  0]LogTemp: Display: Loaded TP MacServerTargetPlatform
[2018.12.06-13.43.53:084][  0]LogTemp: Display: Loaded TP MacTargetPlatform
[2018.12.06-13.43.53:100][  0]LogTemp: Display: Loaded TP WindowsClientTargetPlatform
[2018.12.06-13.43.53:116][  0]LogTemp: Display: Loaded TP WindowsNoEditorTargetPlatform
[2018.12.06-13.43.53:132][  0]LogTemp: Display: Loaded TP WindowsServerTargetPlatform
[2018.12.06-13.43.53:141][  0]LogTemp: Display: Loaded TP WindowsTargetPlatform
[2018.12.06-13.43.53:227][  0]LogTemp: Display: Loaded TP AndroidTargetPlatform
[2018.12.06-13.43.53:227][  0]LogTemp: Display: Loaded TP AndroidTargetPlatform
[2018.12.06-13.43.53:227][  0]LogTemp: Display: Loaded TP AndroidTargetPlatform
[2018.12.06-13.43.53:227][  0]LogTemp: Display: Loaded TP AndroidTargetPlatform
[2018.12.06-13.43.53:227][  0]LogTemp: Display: Loaded TP AndroidTargetPlatform
[2018.12.06-13.43.53:227][  0]LogTemp: Display: Loaded TP AndroidTargetPlatform
[2018.12.06-13.43.53:227][  0]LogTemp: Display: Loaded TP AndroidTargetPlatform
[2018.12.06-13.43.53:227][  0]LogTemp: Display: Loaded TP AndroidTargetPlatform
[2018.12.06-13.43.53:227][  0]LogTemp: Display: Loaded TP AndroidTargetPlatform
[2018.12.06-13.43.53:227][  0]LogTemp: Display: Loaded TP AndroidTargetPlatform
[2018.12.06-13.43.53:227][  0]LogTemp: Display: Loaded TP AndroidTargetPlatform
[2018.12.06-13.43.53:227][  0]LogTemp: Display: Loaded TP AndroidTargetPlatform
[2018.12.06-13.43.53:227][  0]LogTemp: Display: Loaded TP AndroidTargetPlatform
[2018.12.06-13.43.53:227][  0]LogTemp: Display: Loaded TP AndroidTargetPlatform
[2018.12.06-13.43.53:227][  0]LogTemp: Display: Loaded TP AndroidTargetPlatform
[2018.12.06-13.43.53:227][  0]LogTemp: Display: Loaded TP AndroidTargetPlatform
[2018.12.06-13.43.53:227][  0]LogTemp: Display: Loaded TP AndroidTargetPlatform
[2018.12.06-13.43.53:227][  0]LogTemp: Display: Loaded TP AndroidTargetPlatform
[2018.12.06-13.43.53:238][  0]LogTemp: Display: Loaded TP HTML5TargetPlatform
[2018.12.06-13.43.53:307][  0]LogTemp: Display: Loaded TP IOSTargetPlatform
[2018.12.06-13.43.53:307][  0]LogTemp: Display: Loaded TP IOSTargetPlatform
[2018.12.06-13.43.53:334][  0]LogTemp: Display: Loaded TP TVOSTargetPlatform
[2018.12.06-13.43.53:334][  0]LogTemp: Display: Loaded TP TVOSTargetPlatform
[2018.12.06-13.43.53:349][  0]LogTemp: Display: Loaded TP LinuxClientTargetPlatform
[2018.12.06-13.43.53:367][  0]LogTemp: Display: Loaded TP LinuxNoEditorTargetPlatform
[2018.12.06-13.43.53:382][  0]LogTemp: Display: Loaded TP LinuxServerTargetPlatform
[2018.12.06-13.43.53:400][  0]LogTemp: Display: Loaded TP LinuxTargetPlatform
[2018.12.06-13.43.53:452][  0]LogTemp: Display: Loaded TP LuminTargetPlatform
[2018.12.06-13.43.53:452][  0]LogTemp: Display: Loaded TP LuminTargetPlatform
[2018.12.06-13.43.53:453][  0]LogTargetPlatformManager: Display: Building Assets For Windows
[2018.12.06-13.43.53:565][  0]LogShaderCompilers: Guid format shader working directory is -30 characters bigger than the processId version (../../../../../../Users/Rosa Lopes/Desktop/Rodrigo/GameDev/FPSProject/FPSProject/Intermediate/Shaders/WorkingDirectory/11480/).
[2018.12.06-13.43.53:565][  0]LogShaderCompilers: Cleaned the shader compiler working directory 'C:/Users/Rosa Lopes/AppData/Local/Temp/UnrealShaderWorkingDir/8BEBF8CB48EB553D6BABE98585CF8ACF/'.
[2018.12.06-13.43.53:569][  0]LogXGEController: Cleaning working directory: C:/Users/Rosa Lopes/AppData/Local/Temp/UnrealXGEWorkingDir/
[2018.12.06-13.43.53:569][  0]LogXGEController: Cannot use XGE Controller as Incredibuild is not installed on this machine.
[2018.12.06-13.43.53:569][  0]LogShaderCompilers: Cannot use XGE Shader Compiler as Incredibuild is not installed on this machine.
[2018.12.06-13.43.53:569][  0]LogShaderCompilers: Display: Using Local Shader Compiler.
[2018.12.06-13.43.54:232][  0]LogDerivedDataCache: Display: Max Cache Size: 512 MB
[2018.12.06-13.43.54:446][  0]LogDerivedDataCache: Loaded boot cache 0.21s 71MB C:/Users/Rosa Lopes/AppData/Local/UnrealEngine/4.21/DerivedDataCache/Boot.ddc.
[2018.12.06-13.43.54:446][  0]LogDerivedDataCache: Display: Loaded Boot cache: C:/Users/Rosa Lopes/AppData/Local/UnrealEngine/4.21/DerivedDataCache/Boot.ddc
[2018.12.06-13.43.54:447][  0]LogDerivedDataCache: FDerivedDataBackendGraph:  Pak pak cache file ../../../../../../Users/Rosa Lopes/Desktop/Rodrigo/GameDev/FPSProject/FPSProject/DerivedDataCache/DDC.ddp not found, will not use a pak cache.
[2018.12.06-13.43.54:447][  0]LogDerivedDataCache: Unable to find inner node Pak for hierarchical cache Hierarchy.
[2018.12.06-13.43.54:447][  0]LogDerivedDataCache: FDerivedDataBackendGraph:  CompressedPak pak cache file ../../../../../../Users/Rosa Lopes/Desktop/Rodrigo/GameDev/FPSProject/FPSProject/DerivedDataCache/Compressed.ddp not found, will not use a pak cache.
[2018.12.06-13.43.54:447][  0]LogDerivedDataCache: Unable to find inner node CompressedPak for hierarchical cache Hierarchy.
[2018.12.06-13.43.54:466][  0]LogDerivedDataCache: Display: Pak cache opened for reading ../../../Engine/DerivedDataCache/Compressed.ddp.
[2018.12.06-13.43.54:466][  0]LogDerivedDataCache: FDerivedDataBackendGraph:  EnterprisePak pak cache file ../../../Enterprise/DerivedDataCache/Compressed.ddp not found, will not use a pak cache.
[2018.12.06-13.43.54:466][  0]LogDerivedDataCache: Unable to find inner node EnterprisePak for hierarchical cache Hierarchy.
[2018.12.06-13.43.54:479][  0]LogDerivedDataCache: Using Local data cache path C:/Users/Rosa Lopes/AppData/Local/UnrealEngine/Common/DerivedDataCache: Writable
[2018.12.06-13.43.54:479][  0]LogDerivedDataCache: Shared data cache path not found in *engine.ini, will not use an Shared cache.
[2018.12.06-13.43.54:479][  0]LogDerivedDataCache: Unable to find inner node Shared for hierarchical cache Hierarchy.
[2018.12.06-13.43.54:507][  0]LogMaterial: Verifying Global Shaders for PCD3D_SM5
[2018.12.06-13.43.54:509][  0]LogSlate: Using FreeType 2.6.0
[2018.12.06-13.43.54:512][  0]LogSlate: SlateFontServices - WITH_FREETYPE: 1, WITH_HARFBUZZ: 1
[2018.12.06-13.43.54:722][  0]LogAssetRegistry: FAssetRegistry took 0.0350 seconds to start up
[2018.12.06-13.43.55:134][  0]LogInit: Selected Device Profile: [Windows]
[2018.12.06-13.43.55:332][  0]LogSimplygon: Simplygon DLL not present - disabling.
[2018.12.06-13.43.55:340][  0]LogMeshReduction: Using SimplygonSwarm for distributed automatic mesh merging
[2018.12.06-13.43.55:340][  0]LogMeshReduction: Using ProxyLODMeshReduction for automatic mesh merging
[2018.12.06-13.43.55:340][  0]LogMeshReduction: Using QuadricMeshReduction for automatic static mesh reduction
[2018.12.06-13.43.55:340][  0]LogMeshReduction: No automatic skeletal mesh reduction module available
[2018.12.06-13.43.55:360][  0]LogNetVersion: FPSProject 1.0.0, NetCL: 4541578, EngineNetVer: 5, GameNetVer: 0 (Checksum: 609653693)
[2018.12.06-13.43.55:992][  0]LogPackageLocalizationCache: Processed 11 localized package path(s) for 1 prioritized culture(s) in 0.069349 seconds
[2018.12.06-13.43.55:999][  0]LogUObjectArray: 39775 objects as part of root set at end of initial load.
[2018.12.06-13.43.55:999][  0]LogUObjectAllocator: 6914656 out of 0 bytes used by permanent object pool.
[2018.12.06-13.43.55:999][  0]LogUObjectArray: CloseDisregardForGC: 0/0 objects in disregard for GC pool
[2018.12.06-13.43.58:062][  0]LogTcpMessaging: Initializing TcpMessaging bridge
[2018.12.06-13.43.58:078][  0]LogUdpMessaging: Initializing bridge on interface 0.0.0.0:0 to multicast group 230.0.0.1:6666.
[2018.12.06-13.43.59:203][  0]SourceControl: Source control is disabled
[2018.12.06-13.43.59:203][  0]SourceControl: Source control is disabled
[2018.12.06-13.43.59:208][  0]SourceControl: Source control is disabled
[2018.12.06-13.43.59:211][  0]SourceControl: Source control is disabled
[2018.12.06-13.43.59:475][  0]LogAndroidPermission: UAndroidPermissionCallbackProxy::GetInstance
[2018.12.06-13.43.59:591][  0]LogOcInput: OculusInput pre-init called
[2018.12.06-13.43.59:757][  0]LogEngine: Initializing Engine...
[2018.12.06-13.43.59:758][  0]LogHMD: Failed to initialize OpenVR with code 110
[2018.12.06-13.43.59:760][  0]LogStats: UGameplayTagsManager::ConstructGameplayTagTree: ImportINI prefixes -  0.000 s
[2018.12.06-13.43.59:760][  0]LogStats: UGameplayTagsManager::ConstructGameplayTagTree: Construct from data asset -  0.000 s
[2018.12.06-13.43.59:760][  0]LogStats: UGameplayTagsManager::ConstructGameplayTagTree: ImportINI -  0.000 s
[2018.12.06-13.43.59:760][  0]LogStats: UGameplayTagsManager::ConstructGameplayTagTree: GameplayTagTreeChangedEvent.Broadcast -  0.000 s
[2018.12.06-13.44.00:064][  0]LogInit: Initializing FReadOnlyCVARCache
[2018.12.06-13.44.00:093][  0]LogAIModule: Creating AISystem for world Untitled
[2018.12.06-13.44.00:112][  0]LogInit: XAudio2 using 'Altifalante/Auscultador (Realtek High Definition Audio)' : 2 channels at 48 kHz using 32 bits per sample (channel mask 0x3)
[2018.12.06-13.44.00:901][  0]LogInit: FAudioDevice initialized.
[2018.12.06-13.44.00:901][  0]LogNetVersion: Set ProjectVersion to 1.0.0.0. Version Checksum will be recalculated on next use.
[2018.12.06-13.44.00:993][  0]LogDerivedDataCache: Saved boot cache 0.09s 71MB C:/Users/Rosa Lopes/AppData/Local/UnrealEngine/4.21/DerivedDataCache/Boot.ddc.
[2018.12.06-13.44.01:002][  0]LogInit: Texture streaming: Enabled
[2018.12.06-13.44.01:039][  0]LogEngineSessionManager: EngineSessionManager initialized
[2018.12.06-13.44.01:061][  0]LogInit: Transaction tracking system initialized
[2018.12.06-13.44.01:107][  0]BlueprintLog: New page: Editor Load
[2018.12.06-13.44.01:242][  0]LocalizationService: Localization service is disabled
[2018.12.06-13.44.01:836][  0]LogFileCache: Scanning file cache for directory 'C:/Users/Rosa Lopes/Desktop/Rodrigo/GameDev/FPSProject/FPSProject/Content/' took 0.01s
[2018.12.06-13.44.01:836][  0]LogCook: Display: Max memory allowance for cook 16384mb min free memory 0mb
[2018.12.06-13.44.01:836][  0]LogCook: Display: Mobile HDR setting 1
[2018.12.06-13.44.01:836][  0]LogGameplayTags: Display: UGameplayTagsManager::DoneAddingNativeTags. DelegateIsBound: 0
[2018.12.06-13.44.01:836][  0]LogStats: UGameplayTagsManager::ConstructGameplayTagTree: ImportINI prefixes -  0.000 s
[2018.12.06-13.44.01:836][  0]LogStats: UGameplayTagsManager::ConstructGameplayTagTree: Construct from data asset -  0.000 s
[2018.12.06-13.44.01:836][  0]LogStats: UGameplayTagsManager::ConstructGameplayTagTree: ImportINI -  0.000 s
[2018.12.06-13.44.01:836][  0]LogStats: UGameplayTagsManager::ConstructGameplayTagTree: GameplayTagTreeChangedEvent.Broadcast -  0.000 s
[2018.12.06-13.44.02:087][  0]SourceControl: Source control is disabled
[2018.12.06-13.44.02:087][  0]Cmd: MAP LOAD FILE="../../../../../../Users/Rosa Lopes/Desktop/Rodrigo/GameDev/FPSProject/FPSProject/Content/Maps/FPSMap.umap" TEMPLATE=0 SHOWPROGRESS=1 FEATURELEVEL=3
[2018.12.06-13.44.02:088][  0]LightingResults: New page: Lighting Build
[2018.12.06-13.44.02:092][  0]MapCheck: New page: Map Check
[2018.12.06-13.44.02:093][  0]LightingResults: New page: Lighting Build
[2018.12.06-13.44.02:274][  0]LogAIModule: Creating AISystem for world FPSMap
[2018.12.06-13.44.02:281][  0]LogEditorServer: Finished looking for orphan Actors (0.000 secs)
[2018.12.06-13.44.02:309][  0]Cmd: MAP CHECKDEP NOCLEARLOG
[2018.12.06-13.44.02:309][  0]MapCheck: Map check complete: 0 Error(s), 0 Warning(s), took 0,234ms to complete.
[2018.12.06-13.44.02:309][  0]LogFileHelpers: Loading map 'FPSMap' took 0.222
[2018.12.06-13.44.02:431][  0]LogSlate: Updating window title bar state: overlay mode, drag disabled, window buttons hidden, title bar hidden
[2018.12.06-13.44.02:439][  0]LogSlate: Updating window title bar state: overlay mode, drag disabled, window buttons hidden, title bar hidden
[2018.12.06-13.44.02:447][  0]LogSlate: Updating window title bar state: overlay mode, drag disabled, window buttons hidden, title bar hidden
[2018.12.06-13.44.02:455][  0]LogSlate: Updating window title bar state: overlay mode, drag disabled, window buttons hidden, title bar hidden
[2018.12.06-13.44.02:466][  0]LogCollectionManager: Loaded 0 collections in 0.002484 seconds
[2018.12.06-13.44.02:508][  0]LogFileCache: Scanning file cache for directory 'C:/Users/Rosa Lopes/Desktop/Rodrigo/GameDev/FPSProject/FPSProject/Saved/Collections/' took 0.01s
[2018.12.06-13.44.02:508][  0]LogFileCache: Scanning file cache for directory 'C:/Users/Rosa Lopes/Desktop/Rodrigo/GameDev/FPSProject/FPSProject/Content/Developers/RosaLopes/Collections/' took 0.01s
[2018.12.06-13.44.02:508][  0]LogFileCache: Scanning file cache for directory 'C:/Users/Rosa Lopes/Desktop/Rodrigo/GameDev/FPSProject/FPSProject/Content/Collections/' took 0.01s
[2018.12.06-13.44.02:508][  0]LogCollectionManager: Rebuilt the GUID cache for 0 collections in 0.000002 seconds
[2018.12.06-13.44.02:519][  0]LogContentBrowser: Native class hierarchy populated in 0.0102 seconds. Added 2653 classes and 622 folders.
[2018.12.06-13.44.02:528][  0]LogContentBrowser: Native class hierarchy updated for 'WidgetCarousel' in 0.0005 seconds. Added 0 classes and 0 folders.
[2018.12.06-13.44.02:533][  0]LogPakFile: Registered encryption key '00000000000000000000000000000000': 0 pak files mounted, 0 remain pending
[2018.12.06-13.44.02:536][  0]LogPakFile: Registered encryption key '00000000000000000000000000000000': 0 pak files mounted, 0 remain pending
[2018.12.06-13.44.02:538][  0]LogPakFile: Registered encryption key '00000000000000000000000000000000': 0 pak files mounted, 0 remain pending
[2018.12.06-13.44.02:541][  0]LogPakFile: Registered encryption key '00000000000000000000000000000000': 0 pak files mounted, 0 remain pending
[2018.12.06-13.44.02:543][  0]LogPakFile: Registered encryption key '00000000000000000000000000000000': 0 pak files mounted, 0 remain pending
[2018.12.06-13.44.02:545][  0]LogPakFile: Registered encryption key '00000000000000000000000000000000': 0 pak files mounted, 0 remain pending
[2018.12.06-13.44.02:547][  0]LogPakFile: Registered encryption key '00000000000000000000000000000000': 0 pak files mounted, 0 remain pending
[2018.12.06-13.44.02:549][  0]LogPakFile: Registered encryption key '00000000000000000000000000000000': 0 pak files mounted, 0 remain pending
[2018.12.06-13.44.02:552][  0]LogPakFile: Registered encryption key '00000000000000000000000000000000': 0 pak files mounted, 0 remain pending
[2018.12.06-13.44.02:554][  0]LogPakFile: Registered encryption key '00000000000000000000000000000000': 0 pak files mounted, 0 remain pending
[2018.12.06-13.44.02:556][  0]LogPakFile: Registered encryption key '00000000000000000000000000000000': 0 pak files mounted, 0 remain pending
[2018.12.06-13.44.02:558][  0]LogPakFile: Registered encryption key '00000000000000000000000000000000': 0 pak files mounted, 0 remain pending
[2018.12.06-13.44.02:560][  0]LogPakFile: Registered encryption key '00000000000000000000000000000000': 0 pak files mounted, 0 remain pending
[2018.12.06-13.44.02:563][  0]LogPakFile: Registered encryption key '00000000000000000000000000000000': 0 pak files mounted, 0 remain pending
[2018.12.06-13.44.02:565][  0]LogPakFile: Registered encryption key '00000000000000000000000000000000': 0 pak files mounted, 0 remain pending
[2018.12.06-13.44.02:567][  0]LogPakFile: Registered encryption key '00000000000000000000000000000000': 0 pak files mounted, 0 remain pending
[2018.12.06-13.44.02:569][  0]LogPakFile: Registered encryption key '00000000000000000000000000000000': 0 pak files mounted, 0 remain pending
[2018.12.06-13.44.02:571][  0]LogPakFile: Registered encryption key '00000000000000000000000000000000': 0 pak files mounted, 0 remain pending
[2018.12.06-13.44.02:573][  0]LogPakFile: Registered encryption key '00000000000000000000000000000000': 0 pak files mounted, 0 remain pending
[2018.12.06-13.44.02:575][  0]LogPakFile: Registered encryption key '00000000000000000000000000000000': 0 pak files mounted, 0 remain pending
[2018.12.06-13.44.02:577][  0]LogPakFile: Registered encryption key '00000000000000000000000000000000': 0 pak files mounted, 0 remain pending
[2018.12.06-13.44.02:579][  0]LogPakFile: Registered encryption key '00000000000000000000000000000000': 0 pak files mounted, 0 remain pending
[2018.12.06-13.44.02:581][  0]LogPakFile: Registered encryption key '00000000000000000000000000000000': 0 pak files mounted, 0 remain pending
[2018.12.06-13.44.02:584][  0]LogPakFile: Registered encryption key '00000000000000000000000000000000': 0 pak files mounted, 0 remain pending
[2018.12.06-13.44.02:586][  0]LogPakFile: Registered encryption key '00000000000000000000000000000000': 0 pak files mounted, 0 remain pending
[2018.12.06-13.44.02:588][  0]LogPakFile: Registered encryption key '00000000000000000000000000000000': 0 pak files mounted, 0 remain pending
[2018.12.06-13.44.02:739][  0]LogContentBrowser: Native class hierarchy updated for 'AddContentDialog' in 0.0006 seconds. Added 0 classes and 0 folders.
[2018.12.06-13.44.02:749][  0]LogContentBrowser: Native class hierarchy updated for 'SceneOutliner' in 0.0008 seconds. Added 1 classes and 2 folders.
[2018.12.06-13.44.02:768][  0]LogSlate: Took 0.001381 seconds to synchronously load lazily loaded font '../../../Engine/Content/Slate/Fonts/Roboto-Regular.ttf' (155K)
[2018.12.06-13.44.02:772][  0]LogSlate: Took 0.001746 seconds to synchronously load lazily loaded font '../../../Engine/Content/Slate/Fonts/Roboto-Bold.ttf' (160K)
[2018.12.06-13.44.02:786][  0]LogSlate: Took 0.001432 seconds to synchronously load lazily loaded font '../../../Engine/Content/Editor/Slate/Fonts/FontAwesome.ttf' (139K)
[2018.12.06-13.44.02:891][  0]LogRenderer: Reallocating scene render targets to support 892x408 Format 10 NumSamples 1 (Frame:1).
[2018.12.06-13.44.03:062][  0]LogContentBrowser: Native class hierarchy updated for 'HierarchicalLODOutliner' in 0.0013 seconds. Added 0 classes and 0 folders.
[2018.12.06-13.44.03:062][  0]LogLoad: (Engine Initialization) Total time: 14.65 seconds
[2018.12.06-13.44.03:062][  0]LogLoad: (Engine Initialization) Total Blueprint compile time: 0.00 seconds
[2018.12.06-13.44.03:145][  0]LogContentStreaming: Texture pool size now 1000 MB
[2018.12.06-13.44.03:217][  1]LogAssetRegistry: Asset discovery search completed in 8.5187 seconds
[2018.12.06-13.44.03:219][  1]LogCollectionManager: Rebuilt the object cache for 0 collections in 0.000000 seconds (found 0 objects)
[2018.12.06-13.44.03:219][  1]LogCollectionManager: Fixed up redirectors for 0 collections in 0.000094 seconds (updated 0 objects)
[2018.12.06-13.44.04:529][  5]LogSlate: Took 0.007599 seconds to synchronously load lazily loaded font '../../../Engine/Content/Slate/Fonts/Roboto-Light.ttf' (167K)
[2018.12.06-13.44.07:204][ 13]LogSlate: Took 0.000263 seconds to synchronously load lazily loaded font '../../../Engine/Content/Slate/Fonts/Roboto-Light.ttf' (167K)
[2018.12.06-13.44.18:060][ 46]LogSlate: FSceneViewport::OnFocusLost() reason 0
[2018.12.06-13.44.18:362][ 46]LogAssetEditorManager: Opening Asset editor for Blueprint /Game/Blueprints/BP_FPSCharacter.BP_FPSCharacter
[2018.12.06-13.44.18:864][ 46]LogContentBrowser: Native class hierarchy updated for 'BlueprintGraph' in 0.0008 seconds. Added 117 classes and 0 folders.
[2018.12.06-13.44.25:762][227]LogSlate: Window 'BP_FPSCharacter' being destroyed
[2018.12.06-13.44.25:862][227]LogSlate: FSceneViewport::OnFocusLost() reason 2
[2018.12.06-13.44.25:872][227]LogAssetEditorManager: Opening Asset editor for Blueprint /Game/Blueprints/BP_FPSCharacter.BP_FPSCharacter
[2018.12.06-13.44.26:243][227]LogSlate: Took 0.000333 seconds to synchronously load lazily loaded font '../../../Engine/Content/Slate/Fonts/Roboto-BoldCondensed.ttf' (158K)
[2018.12.06-13.44.35:058][695]LogSlate: Window 'BP_FPSCharacter' being destroyed
[2018.12.06-13.44.35:066][695]LogSlate: Window 'BP_FPSCharacter' being destroyed
[2018.12.06-13.44.38:578][870]LogSlate: FSceneViewport::OnFocusLost() reason 0
[2018.12.06-13.44.38:670][873]LogTemp: Repeating last play command: Selected Viewport
[2018.12.06-13.44.38:781][873]LogBlueprintUserMessages: Early PlayInEditor Detection: Level '/Game/Maps/FPSMap.FPSMap:PersistentLevel' has LevelScriptBlueprint '/Game/Maps/FPSMap.FPSMap:PersistentLevel.FPSMap' with GeneratedClass '/Game/Maps/FPSMap.FPSMap_C' with ClassGeneratedBy '/Game/Maps/FPSMap.FPSMap:PersistentLevel.FPSMap'
[2018.12.06-13.44.38:782][873]LogPlayLevel: PlayLevel: No blueprints needed recompiling
[2018.12.06-13.44.38:793][873]PIE: New page: PIE session: FPSMap (06/12/2018, 13:44:38)
[2018.12.06-13.44.38:815][873]LogPlayLevel: Creating play world package: /Game/Maps/UEDPIE_0_FPSMap
[2018.12.06-13.44.38:841][873]LogPlayLevel: PIE: StaticDuplicateObject took: (0.023529s)
[2018.12.06-13.44.38:846][873]LogAIModule: Creating AISystem for world FPSMap
[2018.12.06-13.44.38:848][873]LogPlayLevel: PIE: World Init took: (0.006146s)
[2018.12.06-13.44.38:848][873]LogPlayLevel: PIE: Created PIE world by copying editor world from /Game/Maps/FPSMap.FPSMap to /Game/Maps/UEDPIE_0_FPSMap.FPSMap (0.032944s)
[2018.12.06-13.44.39:168][873]LogInit: XAudio2 using 'Altifalante/Auscultador (Realtek High Definition Audio)' : 2 channels at 48 kHz using 32 bits per sample (channel mask 0x3)
[2018.12.06-13.44.39:325][873]LogInit: FAudioDevice initialized.
[2018.12.06-13.44.39:459][873]LogLoad: Game class is 'BP_FPSProjectGameMode_C'
[2018.12.06-13.44.39:473][873]LogWorld: Bringing World /Game/Maps/UEDPIE_0_FPSMap.FPSMap up for play (max tick rate 0) at 2018.12.06-13.44.39
[2018.12.06-13.44.39:475][873]LogWorld: Bringing up level for play took: 0.005086
[2018.12.06-13.44.39:557][873]LogContentBrowser: Native class hierarchy updated for 'MovieSceneCapture' in 0.0045 seconds. Added 20 classes and 0 folders.
[2018.12.06-13.44.39:568][873]LogTemp: Warning: FPS Character in use!
[2018.12.06-13.44.39:568][873]LogTemp: Warning: Game Started!
[2018.12.06-13.44.39:569][873]PIE: Play in editor start time for /Game/Maps/UEDPIE_0_FPSMap -0,017
[2018.12.06-13.44.39:570][873]LogBlueprintUserMessages: Late PlayInEditor Detection: Level '/Game/Maps/FPSMap.FPSMap:PersistentLevel' has LevelScriptBlueprint '/Game/Maps/FPSMap.FPSMap:PersistentLevel.FPSMap' with GeneratedClass '/Game/Maps/FPSMap.FPSMap_C' with ClassGeneratedBy '/Game/Maps/FPSMap.FPSMap:PersistentLevel.FPSMap'
[2018.12.06-13.44.43:836][ 67]LogBlueprintUserMessages: Early EndPlayMap Detection: Level '/Game/Maps/FPSMap.FPSMap:PersistentLevel' has LevelScriptBlueprint '/Game/Maps/FPSMap.FPSMap:PersistentLevel.FPSMap' with GeneratedClass '/Game/Maps/FPSMap.FPSMap_C' with ClassGeneratedBy '/Game/Maps/FPSMap.FPSMap:PersistentLevel.FPSMap'
[2018.12.06-13.44.43:837][ 67]LogSlate: Updating window title bar state: overlay mode, drag disabled, window buttons hidden, title bar hidden
[2018.12.06-13.44.43:885][ 67]LogPlayLevel: Display: Shutting down PIE online subsystems
[2018.12.06-13.44.43:885][ 67]LogBlueprintUserMessages: Late EndPlayMap Detection: Level '/Game/Maps/FPSMap.FPSMap:PersistentLevel' has LevelScriptBlueprint '/Game/Maps/FPSMap.FPSMap:PersistentLevel.FPSMap' with GeneratedClass '/Game/Maps/FPSMap.FPSMap_C' with ClassGeneratedBy '/Game/Maps/FPSMap.FPSMap:PersistentLevel.FPSMap'
[2018.12.06-13.44.43:945][ 67]LogSlate: Updating window title bar state: overlay mode, drag disabled, window buttons hidden, title bar hidden
[2018.12.06-13.44.43:967][ 68]LogPlayLevel: Display: Destroying online subsystem :Context_6
[2018.12.06-13.44.46:721][246]LogSlate: FSceneViewport::OnFocusLost() reason 0
[2018.12.06-13.46.33:738][645]Candidate modules for hot reload:
[2018.12.06-13.46.33:739][645]  FPSProject
[2018.12.06-13.46.33:740][645]Launching UnrealBuildTool... [C:/Program Files/Epic Games/UE_4.21/Engine/Binaries/DotNET/UnrealBuildTool.exe  -ModuleWithSuffix=FPSProject,7727 Win64 Development -TargetType=Editor -Project="../../../../../../Users/Rosa Lopes/Desktop/Rodrigo/GameDev/FPSProject/FPSProject/FPSProject.uproject" -canskiplink "C:/Users/Rosa Lopes/Desktop/Rodrigo/GameDev/FPSProject/FPSProject/FPSProject.uproject" ]
[2018.12.06-13.46.33:749][645]Warning: Starting HotReload took  0.1s.
[2018.12.06-13.47.38:795][ 68]LogAssetEditorManager: Opening Asset editor for Blueprint /Game/Blueprints/BP_FPSCharacter.BP_FPSCharacter
[2018.12.06-13.47.52:119][650]LogSlate: Window 'Reset UI Layout' being destroyed
[2018.12.06-13.48.00:807][126]LogSlate: Took 0.001618 seconds to synchronously load lazily loaded font '../../../Engine/Content/Slate/Fonts/Roboto-Italic.ttf' (157K)
[2018.12.06-13.48.02:074][190]CompilerResultsLog: New page: Compilation - 06/12/2018, 13:48:02
[2018.12.06-13.48.02:075][190]CompilerResultsLog: Using 'git status' to determine working set for adaptive non-unity build (C:\Users\Rosa Lopes\Desktop\Rodrigo\GameDev\FPSProject).
[2018.12.06-13.48.02:075][190]CompilerResultsLog: Creating makefile for hot reloading FPSProjectEditor (source directory changed)
[2018.12.06-13.48.02:075][190]CompilerResultsLog: Compiling game modules for hot reload
[2018.12.06-13.48.02:075][190]CompilerResultsLog: Using Visual Studio 2017 14.16.27023 toolchain (C:\Program Files (x86)\Microsoft Visual Studio\2017\Community\VC\Tools\MSVC\14.16.27023) and Windows 10.0.17763.0 SDK (C:\Program Files (x86)\Windows Kits\10).
[2018.12.06-13.48.02:075][190]CompilerResultsLog: Building 3 actions with 8 processes...
[2018.12.06-13.48.02:075][190]CompilerResultsLog:   [1/3] FPSCharacter.cpp
[2018.12.06-13.48.02:075][190]CompilerResultsLog:   [2/3] UE4Editor-FPSProject-7727.lib
[2018.12.06-13.48.02:075][190]CompilerResultsLog:      Creating library C:\Users\Rosa Lopes\Desktop\Rodrigo\GameDev\FPSProject\FPSProject\Intermediate\Build\Win64\UE4Editor\Development\FPSProject\UE4Editor-FPSProject-7727.lib and object C:\Users\Rosa Lopes\Desktop\Rodrigo\GameDev\FPSProject\FPSProject\Intermediate\Build\Win64\UE4Editor\Development\FPSProject\UE4Editor-FPSProject-7727.exp
[2018.12.06-13.48.02:076][190]CompilerResultsLog:   [3/3] UE4Editor-FPSProject-7727.dll
[2018.12.06-13.48.02:076][190]CompilerResultsLog:      Creating library C:\Users\Rosa Lopes\Desktop\Rodrigo\GameDev\FPSProject\FPSProject\Intermediate\Build\Win64\UE4Editor\Development\FPSProject\UE4Editor-FPSProject-7727.suppressed.lib and object C:\Users\Rosa Lopes\Desktop\Rodrigo\GameDev\FPSProject\FPSProject\Intermediate\Build\Win64\UE4Editor\Development\FPSProject\UE4Editor-FPSProject-7727.suppressed.exp
[2018.12.06-13.48.02:076][190]CompilerResultsLog: Total build time: 87,27 seconds (Parallel executor: 54,94 seconds)
[2018.12.06-13.48.02:076][190]LogMainFrame: MainFrame: Module compiling took 88.344 seconds
[2018.12.06-13.48.02:148][190]LogContentBrowser: Native class hierarchy updated for 'FPSProject' in 0.0007 seconds. Added 2 classes and 2 folders.
[2018.12.06-13.48.02:152][190]Display: HotReload successful (4 functions remapped  0 scriptstructs remapped)
[2018.12.06-13.48.02:650][190]LogContentBrowser: Native class hierarchy populated in 0.0204 seconds. Added 2654 classes and 624 folders.
[2018.12.06-13.48.02:656][190]Display: HotReload took 89.0s.
[2018.12.06-13.48.07:482][526]LogTemp: Repeating last play command: Selected Viewport
[2018.12.06-13.48.07:512][526]LogBlueprintUserMessages: Early PlayInEditor Detection: Level '/Game/Maps/FPSMap.FPSMap:PersistentLevel' has LevelScriptBlueprint '/Game/Maps/FPSMap.FPSMap:PersistentLevel.FPSMap' with GeneratedClass '/Game/Maps/FPSMap.FPSMap_C' with ClassGeneratedBy '/Game/Maps/FPSMap.FPSMap:PersistentLevel.FPSMap'
[2018.12.06-13.48.07:512][526]LogPlayLevel: PlayLevel: No blueprints needed recompiling
[2018.12.06-13.48.07:513][526]PIE: New page: PIE session: FPSMap (06/12/2018, 13:48:07)
[2018.12.06-13.48.07:513][526]LogPlayLevel: Creating play world package: /Game/Maps/UEDPIE_0_FPSMap
[2018.12.06-13.48.07:516][526]LogPlayLevel: PIE: StaticDuplicateObject took: (0.003384s)
[2018.12.06-13.48.07:518][526]LogAIModule: Creating AISystem for world FPSMap
[2018.12.06-13.48.07:518][526]LogPlayLevel: PIE: World Init took: (0.001702s)
[2018.12.06-13.48.07:518][526]LogPlayLevel: PIE: Created PIE world by copying editor world from /Game/Maps/FPSMap.FPSMap to /Game/Maps/UEDPIE_0_FPSMap.FPSMap (0.005345s)
[2018.12.06-13.48.07:574][526]LogInit: XAudio2 using 'Altifalante/Auscultador (Realtek High Definition Audio)' : 2 channels at 48 kHz using 32 bits per sample (channel mask 0x3)
[2018.12.06-13.48.07:594][526]LogInit: FAudioDevice initialized.
[2018.12.06-13.48.07:629][526]LogLoad: Game class is 'BP_FPSProjectGameMode_C'
[2018.12.06-13.48.07:632][526]LogWorld: Bringing World /Game/Maps/UEDPIE_0_FPSMap.FPSMap up for play (max tick rate 0) at 2018.12.06-13.48.07
[2018.12.06-13.48.07:632][526]LogWorld: Bringing up level for play took: 0.001179
[2018.12.06-13.48.07:647][526]LogTemp: Warning: FPS Character in use!
[2018.12.06-13.48.07:648][526]LogTemp: Warning: Game Started!
[2018.12.06-13.48.07:648][526]PIE: Play in editor start time for /Game/Maps/UEDPIE_0_FPSMap 0,063
[2018.12.06-13.48.07:648][526]LogBlueprintUserMessages: Late PlayInEditor Detection: Level '/Game/Maps/FPSMap.FPSMap:PersistentLevel' has LevelScriptBlueprint '/Game/Maps/FPSMap.FPSMap:PersistentLevel.FPSMap' with GeneratedClass '/Game/Maps/FPSMap.FPSMap_C' with ClassGeneratedBy '/Game/Maps/FPSMap.FPSMap:PersistentLevel.FPSMap'
[2018.12.06-13.48.11:344][796]LogBlueprintUserMessages: Early EndPlayMap Detection: Level '/Game/Maps/FPSMap.FPSMap:PersistentLevel' has LevelScriptBlueprint '/Game/Maps/FPSMap.FPSMap:PersistentLevel.FPSMap' with GeneratedClass '/Game/Maps/FPSMap.FPSMap_C' with ClassGeneratedBy '/Game/Maps/FPSMap.FPSMap:PersistentLevel.FPSMap'
[2018.12.06-13.48.11:351][796]LogSlate: Updating window title bar state: overlay mode, drag disabled, window buttons hidden, title bar hidden
[2018.12.06-13.48.11:394][796]LogPlayLevel: Display: Shutting down PIE online subsystems
[2018.12.06-13.48.11:394][796]LogBlueprintUserMessages: Late EndPlayMap Detection: Level '/Game/Maps/FPSMap.FPSMap:PersistentLevel' has LevelScriptBlueprint '/Game/Maps/FPSMap.FPSMap:PersistentLevel.FPSMap' with GeneratedClass '/Game/Maps/FPSMap.FPSMap_C' with ClassGeneratedBy '/Game/Maps/FPSMap.FPSMap:PersistentLevel.FPSMap'
[2018.12.06-13.48.11:428][796]LogSlate: Updating window title bar state: overlay mode, drag disabled, window buttons hidden, title bar hidden
[2018.12.06-13.48.11:464][797]LogPlayLevel: Display: Destroying online subsystem :Context_8
[2018.12.06-13.48.20:270][ 33]LogSlate: FSceneViewport::OnFocusLost() reason 0
[2018.12.06-13.49.02:679][930]LogSlate: Window 'BP_FPSCharacter' being destroyed
[2018.12.06-13.49.02:695][930]LogSlate: Window 'BP_FPSCharacter' being destroyed
[2018.12.06-13.51.55:363][863]LogAssetEditorManager: Opening Asset editor for Blueprint /Game/Blueprints/BP_FPSCharacter.BP_FPSCharacter
[2018.12.06-13.52.41:409][662]LogSlate: Window 'BP_FPSCharacter*' being destroyed
[2018.12.06-13.52.41:425][662]LogSlate: Window 'BP_FPSCharacter*' being destroyed
[2018.12.06-13.52.42:546][746]LogTemp: Repeating last play command: Selected Viewport
[2018.12.06-13.52.42:567][746]LogBlueprintUserMessages: Early PlayInEditor Detection: Level '/Game/Maps/FPSMap.FPSMap:PersistentLevel' has LevelScriptBlueprint '/Game/Maps/FPSMap.FPSMap:PersistentLevel.FPSMap' with GeneratedClass '/Game/Maps/FPSMap.FPSMap_C' with ClassGeneratedBy '/Game/Maps/FPSMap.FPSMap:PersistentLevel.FPSMap'
[2018.12.06-13.52.42:568][746]LogPlayLevel: PlayLevel: No blueprints needed recompiling
[2018.12.06-13.52.42:568][746]PIE: New page: PIE session: FPSMap (06/12/2018, 13:52:42)
[2018.12.06-13.52.42:568][746]LogPlayLevel: Creating play world package: /Game/Maps/UEDPIE_0_FPSMap
[2018.12.06-13.52.42:574][746]LogPlayLevel: PIE: StaticDuplicateObject took: (0.005536s)
[2018.12.06-13.52.42:575][746]LogAIModule: Creating AISystem for world FPSMap
[2018.12.06-13.52.42:575][746]LogPlayLevel: PIE: World Init took: (0.001489s)
[2018.12.06-13.52.42:575][746]LogPlayLevel: PIE: Created PIE world by copying editor world from /Game/Maps/FPSMap.FPSMap to /Game/Maps/UEDPIE_0_FPSMap.FPSMap (0.007396s)
[2018.12.06-13.52.42:676][746]LogInit: XAudio2 using 'Altifalante/Auscultador (Realtek High Definition Audio)' : 2 channels at 48 kHz using 32 bits per sample (channel mask 0x3)
[2018.12.06-13.52.42:711][746]LogInit: FAudioDevice initialized.
[2018.12.06-13.52.42:746][746]LogLoad: Game class is 'BP_FPSProjectGameMode_C'
[2018.12.06-13.52.42:749][746]LogWorld: Bringing World /Game/Maps/UEDPIE_0_FPSMap.FPSMap up for play (max tick rate 0) at 2018.12.06-13.52.42
[2018.12.06-13.52.42:749][746]LogWorld: Bringing up level for play took: 0.001042
[2018.12.06-13.52.42:765][746]LogTemp: Warning: FPS Character in use!
[2018.12.06-13.52.42:765][746]LogTemp: Warning: Game Started!
[2018.12.06-13.52.42:765][746]PIE: Play in editor start time for /Game/Maps/UEDPIE_0_FPSMap 1,18
[2018.12.06-13.52.42:766][746]LogBlueprintUserMessages: Late PlayInEditor Detection: Level '/Game/Maps/FPSMap.FPSMap:PersistentLevel' has LevelScriptBlueprint '/Game/Maps/FPSMap.FPSMap:PersistentLevel.FPSMap' with GeneratedClass '/Game/Maps/FPSMap.FPSMap_C' with ClassGeneratedBy '/Game/Maps/FPSMap.FPSMap:PersistentLevel.FPSMap'
[2018.12.06-13.52.54:247][597]LogBlueprintUserMessages: Early EndPlayMap Detection: Level '/Game/Maps/FPSMap.FPSMap:PersistentLevel' has LevelScriptBlueprint '/Game/Maps/FPSMap.FPSMap:PersistentLevel.FPSMap' with GeneratedClass '/Game/Maps/FPSMap.FPSMap_C' with ClassGeneratedBy '/Game/Maps/FPSMap.FPSMap:PersistentLevel.FPSMap'
[2018.12.06-13.52.54:248][597]LogSlate: Updating window title bar state: overlay mode, drag disabled, window buttons hidden, title bar hidden
[2018.12.06-13.52.54:295][597]LogPlayLevel: Display: Shutting down PIE online subsystems
[2018.12.06-13.52.54:296][597]LogBlueprintUserMessages: Late EndPlayMap Detection: Level '/Game/Maps/FPSMap.FPSMap:PersistentLevel' has LevelScriptBlueprint '/Game/Maps/FPSMap.FPSMap:PersistentLevel.FPSMap' with GeneratedClass '/Game/Maps/FPSMap.FPSMap_C' with ClassGeneratedBy '/Game/Maps/FPSMap.FPSMap:PersistentLevel.FPSMap'
[2018.12.06-13.52.54:353][597]LogSlate: Updating window title bar state: overlay mode, drag disabled, window buttons hidden, title bar hidden
[2018.12.06-13.52.54:426][598]LogPlayLevel: Display: Destroying online subsystem :Context_10
[2018.12.06-13.52.55:756][686]LogSlate: FSceneViewport::OnFocusLost() reason 0
[2018.12.06-13.52.57:669][692]LogSlate: Window 'Save Content' being destroyed
[2018.12.06-13.52.57:841][692]LogSavePackage: Moving '../../../../../../Users/Rosa Lopes/Desktop/Rodrigo/GameDev/FPSProject/FPSProject/Saved/BP_FPSCharacter03112F114F1AAD3F3DEDD0A7C3DA7D67.tmp' to '../../../../../../Users/Rosa Lopes/Desktop/Rodrigo/GameDev/FPSProject/FPSProject/Content/Blueprints/BP_FPSCharacter.uasset'
[2018.12.06-13.54.24:657][596]LogFileHelpers: Editor autosave (incl. sublevels) for '/Game/Maps/FPSMap' took 0.054
